TN:
SF:/home/kabir-nagpal/Desktop/soltgp/myproject/test6.sol
DA:20,0
FN:20,VulnerableBank.deposit
FNDA:0,VulnerableBank.deposit
DA:21,0
DA:22,0
DA:25,1
FN:25,VulnerableBank.withdraw
FNDA:1,VulnerableBank.withdraw
DA:26,1
DA:27,1
BRDA:27,0,0,-
BRDA:27,0,1,1
DA:30,1
DA:31,1
BRDA:31,1,0,-
BRDA:31,1,1,1
DA:33,1
DA:36,1
FN:36,VulnerableBank.getBalance
FNDA:1,VulnerableBank.getBalance
DA:37,1
DA:38,1
DA:41,0
FN:41,VulnerableBank.getTotalBalance
FNDA:0,VulnerableBank.getTotalBalance
DA:42,0
DA:43,0
DA:46,1
FN:46,VulnerableBank.emergencyStop
FNDA:1,VulnerableBank.emergencyStop
DA:47,1
DA:49,1
BRDA:49,2,0,-
BRDA:49,2,1,1
DA:52,2
FN:52,VulnerableBank.contractInfo
FNDA:2,VulnerableBank.contractInfo
DA:53,2
DA:54,2
FNF:6
FNH:4
LF:21
LH:15
BRF:6
BRH:3
end_of_record
